0 info it worked if it ends with ok
1 verbose cli [ 'C:\\Programi\\nodejs\\\\node.exe',
1 verbose cli   'C:\\Programi\\nodejs\\node_modules\\npm\\bin\\npm-cli.js',
1 verbose cli   'install',
1 verbose cli   'jquery2.1' ]
2 info using npm@1.4.28
3 info using node@v0.10.35
4 verbose node symlink C:\Programi\nodejs\\node.exe
5 warn package.json node@0.0.0 No description
6 warn package.json node@0.0.0 No repository field.
7 warn package.json node@0.0.0 No README data
8 verbose readDependencies using package.json deps
9 verbose cache add [ 'jquery2.1', null ]
10 verbose cache add name=undefined spec="jquery2.1" args=["jquery2.1",null]
11 verbose parsed url { protocol: null,
11 verbose parsed url   slashes: null,
11 verbose parsed url   auth: null,
11 verbose parsed url   host: null,
11 verbose parsed url   port: null,
11 verbose parsed url   hostname: null,
11 verbose parsed url   hash: null,
11 verbose parsed url   search: null,
11 verbose parsed url   query: null,
11 verbose parsed url   pathname: 'jquery2.1',
11 verbose parsed url   path: 'jquery2.1',
11 verbose parsed url   href: 'jquery2.1' }
12 silly lockFile cd052c69-jquery2-1 jquery2.1
13 verbose lock jquery2.1 C:\Users\Klemen\AppData\Roaming\npm-cache\cd052c69-jquery2-1.lock
14 silly lockFile cd052c69-jquery2-1 jquery2.1
15 silly lockFile cd052c69-jquery2-1 jquery2.1
16 verbose addNamed [ 'jquery2.1', '' ]
17 verbose addNamed [ null, '*' ]
18 silly lockFile 587a7e78-jquery2-1 jquery2.1@
19 verbose lock jquery2.1@ C:\Users\Klemen\AppData\Roaming\npm-cache\587a7e78-jquery2-1.lock
20 silly addNameRange { name: 'jquery2.1', range: '*', hasData: false }
21 verbose request where is /jquery2.1
22 verbose request registry https://registry.npmjs.org/
23 verbose request id 91d9feec08352ade
24 verbose url raw /jquery2.1
25 verbose url resolving [ 'https://registry.npmjs.org/', './jquery2.1' ]
26 verbose url resolved https://registry.npmjs.org/jquery2.1
27 verbose request where is https://registry.npmjs.org/jquery2.1
28 info trying registry request attempt 1 at 13:20:18
29 http GET https://registry.npmjs.org/jquery2.1
30 http 404 https://registry.npmjs.org/jquery2.1
31 verbose headers { date: 'Sat, 10 Jan 2015 12:20:12 GMT',
31 verbose headers   server: 'CouchDB/1.5.0 (Erlang OTP/R16B03)',
31 verbose headers   'content-type': 'application/json',
31 verbose headers   'cache-control': 'max-age=0',
31 verbose headers   'content-length': '52',
31 verbose headers   'accept-ranges': 'bytes',
31 verbose headers   via: '1.1 varnish',
31 verbose headers   age: '0',
31 verbose headers   'x-served-by': 'cache-ams4129-AMS',
31 verbose headers   'x-cache': 'MISS',
31 verbose headers   'x-cache-hits': '0',
31 verbose headers   'x-timer': 'S1420892412.010544,VS0,VE382',
31 verbose headers   'keep-alive': 'timeout=10, max=50',
31 verbose headers   connection: 'Keep-Alive' }
32 silly registry.get cb [ 404,
32 silly registry.get   { date: 'Sat, 10 Jan 2015 12:20:12 GMT',
32 silly registry.get     server: 'CouchDB/1.5.0 (Erlang OTP/R16B03)',
32 silly registry.get     'content-type': 'application/json',
32 silly registry.get     'cache-control': 'max-age=0',
32 silly registry.get     'content-length': '52',
32 silly registry.get     'accept-ranges': 'bytes',
32 silly registry.get     via: '1.1 varnish',
32 silly registry.get     age: '0',
32 silly registry.get     'x-served-by': 'cache-ams4129-AMS',
32 silly registry.get     'x-cache': 'MISS',
32 silly registry.get     'x-cache-hits': '0',
32 silly registry.get     'x-timer': 'S1420892412.010544,VS0,VE382',
32 silly registry.get     'keep-alive': 'timeout=10, max=50',
32 silly registry.get     connection: 'Keep-Alive' } ]
33 silly lockFile 587a7e78-jquery2-1 jquery2.1@
34 silly lockFile 587a7e78-jquery2-1 jquery2.1@
35 error 404 404 Not Found: jquery2.1
35 error 404
35 error 404 'jquery2.1' is not in the npm registry.
35 error 404 You should bug the author to publish it
35 error 404 It was specified as a dependency of 'angular-seed'
35 error 404
35 error 404 Note that you can also install from a
35 error 404 tarball, folder, or http url, or git url.
36 error System Windows_NT 6.1.7601
37 error command "C:\\Programi\\nodejs\\\\node.exe" "C:\\Programi\\nodejs\\node_modules\\npm\\bin\\npm-cli.js" "install" "jquery2.1"
38 error cwd E:\Git\projects\basicProject
39 error node -v v0.10.35
40 error npm -v 1.4.28
41 error code E404
42 verbose exit [ 1, true ]
